<?xml version="1.0" encoding="UTF-8"?>
<!-- Generated by org.testng.reporters.JUnitReportReporter -->
<testsuite skipped="0" hostname="Anupam1" name="com.anupam.testPackage.TestCaseClass" tests="1" failures="0" timestamp="2021-07-28T23:12:19 IST" time="32.891" errors="0">
  <testcase name="lamda" time="32.891" classname="com.anupam.testPackage.TestCaseClass"/>
  <system-out/>
</testsuite> <!-- com.anupam.testPackage.TestCaseClass -->
